{"/home/emmisteel/Documents/javascript30/jackClinic/index.js": {"path":"/home/emmisteel/Documents/javascript30/jackClinic/index.js","statementMap":{"0":{"start":{"line":2,"column":16},"end":{"line":2,"column":34}},"1":{"start":{"line":3,"column":12},"end":{"line":3,"column":21}},"2":{"start":{"line":4,"column":16},"end":{"line":4,"column":34}},"3":{"start":{"line":6,"column":0},"end":{"line":6,"column":33}},"4":{"start":{"line":7,"column":0},"end":{"line":7,"column":34}},"5":{"start":{"line":8,"column":0},"end":{"line":8,"column":36}},"6":{"start":{"line":9,"column":0},"end":{"line":9,"column":29}},"7":{"start":{"line":10,"column":0},"end":{"line":10,"column":37}},"8":{"start":{"line":12,"column":13},"end":{"line":12,"column":37}},"9":{"start":{"line":13,"column":15},"end":{"line":13,"column":83}},"10":{"start":{"line":13,"column":38},"end":{"line":13,"column":82}},"11":{"start":{"line":14,"column":0},"end":{"line":14,"column":24}}},"fnMap":{"0":{"name":"(anonymous_0)","decl":{"start":{"line":13,"column":32},"end":{"line":13,"column":33}},"loc":{"start":{"line":13,"column":38},"end":{"line":13,"column":82}},"line":13}},"branchMap":{"0":{"loc":{"start":{"line":12,"column":13},"end":{"line":12,"column":37}},"type":"binary-expr","locations":[{"start":{"line":12,"column":13},"end":{"line":12,"column":29}},{"start":{"line":12,"column":33},"end":{"line":12,"column":37}}],"line":12}},"s":{"0":2,"1":2,"2":2,"3":2,"4":2,"5":2,"6":2,"7":2,"8":2,"9":2,"10":2,"11":2},"f":{"0":2},"b":{"0":[2,2]},"_coverageSchema":"43e27e138ebf9cfc5966b082cf9a028302ed4184","hash":"3f4888a7d2daadfeaefc9aeb6d7568eaff55eb65"}
,"/home/emmisteel/Documents/javascript30/jackClinic/initialize/config.js": {"path":"/home/emmisteel/Documents/javascript30/jackClinic/initialize/config.js","statementMap":{"0":{"start":{"line":2,"column":15},"end":{"line":2,"column":32}},"1":{"start":{"line":4,"column":0},"end":{"line":8,"column":1}},"2":{"start":{"line":5,"column":4},"end":{"line":7,"column":5}},"3":{"start":{"line":6,"column":8},"end":{"line":6,"column":66}}},"fnMap":{"0":{"name":"(anonymous_0)","decl":{"start":{"line":4,"column":17},"end":{"line":4,"column":18}},"loc":{"start":{"line":4,"column":23},"end":{"line":8,"column":1}},"line":4}},"branchMap":{"0":{"loc":{"start":{"line":5,"column":4},"end":{"line":7,"column":5}},"type":"if","locations":[{"start":{"line":5,"column":4},"end":{"line":7,"column":5}},{"start":{"line":5,"column":4},"end":{"line":7,"column":5}}],"line":5}},"s":{"0":2,"1":2,"2":2,"3":0},"f":{"0":2},"b":{"0":[0,2]},"_coverageSchema":"43e27e138ebf9cfc5966b082cf9a028302ed4184","hash":"4e63e5e070946d2867873f6a2147268e06276652"}
,"/home/emmisteel/Documents/javascript30/jackClinic/initialize/db.js": {"path":"/home/emmisteel/Documents/javascript30/jackClinic/initialize/db.js","statementMap":{"0":{"start":{"line":2,"column":16},"end":{"line":2,"column":34}},"1":{"start":{"line":3,"column":17},"end":{"line":3,"column":36}},"2":{"start":{"line":4,"column":15},"end":{"line":4,"column":32}},"3":{"start":{"line":6,"column":0},"end":{"line":11,"column":1}},"4":{"start":{"line":7,"column":15},"end":{"line":7,"column":31}},"5":{"start":{"line":8,"column":4},"end":{"line":8,"column":41}},"6":{"start":{"line":9,"column":4},"end":{"line":9,"column":58}},"7":{"start":{"line":10,"column":4},"end":{"line":10,"column":45}}},"fnMap":{"0":{"name":"(anonymous_0)","decl":{"start":{"line":6,"column":17},"end":{"line":6,"column":18}},"loc":{"start":{"line":6,"column":29},"end":{"line":11,"column":1}},"line":6}},"branchMap":{},"s":{"0":2,"1":2,"2":2,"3":2,"4":2,"5":2,"6":2,"7":2},"f":{"0":2},"b":{},"_coverageSchema":"43e27e138ebf9cfc5966b082cf9a028302ed4184","hash":"efbd9355e4b99ee6e860ada39c265b9670997bfb"}
,"/home/emmisteel/Documents/javascript30/jackClinic/initialize/logging.js": {"path":"/home/emmisteel/Documents/javascript30/jackClinic/initialize/logging.js","statementMap":{"0":{"start":{"line":2,"column":16},"end":{"line":2,"column":34}},"1":{"start":{"line":5,"column":0},"end":{"line":17,"column":1}},"2":{"start":{"line":6,"column":4},"end":{"line":9,"column":6}},"3":{"start":{"line":11,"column":4},"end":{"line":13,"column":7}},"4":{"start":{"line":12,"column":4},"end":{"line":12,"column":16}},"5":{"start":{"line":15,"column":4},"end":{"line":15,"column":68}}},"fnMap":{"0":{"name":"(anonymous_0)","decl":{"start":{"line":5,"column":17},"end":{"line":5,"column":18}},"loc":{"start":{"line":5,"column":23},"end":{"line":17,"column":1}},"line":5},"1":{"name":"(anonymous_1)","decl":{"start":{"line":11,"column":37},"end":{"line":11,"column":38}},"loc":{"start":{"line":11,"column":46},"end":{"line":13,"column":5}},"line":11}},"branchMap":{},"s":{"0":2,"1":2,"2":2,"3":2,"4":0,"5":2},"f":{"0":2,"1":0},"b":{},"_coverageSchema":"43e27e138ebf9cfc5966b082cf9a028302ed4184","hash":"a49c99b0156d30ad9f864d3ec9730903423d5497"}
,"/home/emmisteel/Documents/javascript30/jackClinic/initialize/routes.js": {"path":"/home/emmisteel/Documents/javascript30/jackClinic/initialize/routes.js","statementMap":{"0":{"start":{"line":2,"column":16},"end":{"line":2,"column":34}},"1":{"start":{"line":3,"column":24},"end":{"line":3,"column":60}},"2":{"start":{"line":4,"column":17},"end":{"line":4,"column":46}},"3":{"start":{"line":5,"column":16},"end":{"line":5,"column":44}},"4":{"start":{"line":6,"column":23},"end":{"line":6,"column":58}},"5":{"start":{"line":7,"column":13},"end":{"line":7,"column":38}},"6":{"start":{"line":8,"column":14},"end":{"line":8,"column":40}},"7":{"start":{"line":9,"column":13},"end":{"line":9,"column":28}},"8":{"start":{"line":10,"column":14},"end":{"line":10,"column":44}},"9":{"start":{"line":12,"column":0},"end":{"line":22,"column":2}},"10":{"start":{"line":13,"column":4},"end":{"line":13,"column":28}},"11":{"start":{"line":14,"column":4},"end":{"line":14,"column":20}},"12":{"start":{"line":15,"column":4},"end":{"line":15,"column":53}},"13":{"start":{"line":16,"column":4},"end":{"line":16,"column":37}},"14":{"start":{"line":17,"column":4},"end":{"line":17,"column":39}},"15":{"start":{"line":18,"column":4},"end":{"line":18,"column":51}},"16":{"start":{"line":19,"column":4},"end":{"line":19,"column":31}},"17":{"start":{"line":20,"column":4},"end":{"line":20,"column":33}},"18":{"start":{"line":21,"column":4},"end":{"line":21,"column":19}}},"fnMap":{"0":{"name":"(anonymous_0)","decl":{"start":{"line":12,"column":17},"end":{"line":12,"column":18}},"loc":{"start":{"line":12,"column":31},"end":{"line":22,"column":1}},"line":12}},"branchMap":{},"s":{"0":2,"1":2,"2":2,"3":2,"4":2,"5":2,"6":2,"7":2,"8":2,"9":2,"10":2,"11":2,"12":2,"13":2,"14":2,"15":2,"16":2,"17":2,"18":2},"f":{"0":2},"b":{},"_coverageSchema":"43e27e138ebf9cfc5966b082cf9a028302ed4184","hash":"698e96974120614612f9d9375c16ed1d17a73c2c"}
,"/home/emmisteel/Documents/javascript30/jackClinic/initialize/validation.js": {"path":"/home/emmisteel/Documents/javascript30/jackClinic/initialize/validation.js","statementMap":{"0":{"start":{"line":2,"column":12},"end":{"line":2,"column":26}},"1":{"start":{"line":4,"column":0},"end":{"line":6,"column":2}},"2":{"start":{"line":5,"column":4},"end":{"line":5,"column":48}}},"fnMap":{"0":{"name":"(anonymous_0)","decl":{"start":{"line":4,"column":17},"end":{"line":4,"column":18}},"loc":{"start":{"line":4,"column":23},"end":{"line":6,"column":1}},"line":4}},"branchMap":{},"s":{"0":2,"1":2,"2":2},"f":{"0":2},"b":{},"_coverageSchema":"43e27e138ebf9cfc5966b082cf9a028302ed4184","hash":"ab16280e18adc14a52f5642c6c1002a77745a383"}
,"/home/emmisteel/Documents/javascript30/jackClinic/middleware/admin.js": {"path":"/home/emmisteel/Documents/javascript30/jackClinic/middleware/admin.js","statementMap":{"0":{"start":{"line":1,"column":0},"end":{"line":5,"column":1}},"1":{"start":{"line":3,"column":4},"end":{"line":3,"column":85}},"2":{"start":{"line":3,"column":27},"end":{"line":3,"column":85}},"3":{"start":{"line":4,"column":4},"end":{"line":4,"column":11}}},"fnMap":{"0":{"name":"(anonymous_0)","decl":{"start":{"line":1,"column":17},"end":{"line":1,"column":18}},"loc":{"start":{"line":1,"column":43},"end":{"line":5,"column":1}},"line":1}},"branchMap":{"0":{"loc":{"start":{"line":3,"column":4},"end":{"line":3,"column":85}},"type":"if","locations":[{"start":{"line":3,"column":4},"end":{"line":3,"column":85}},{"start":{"line":3,"column":4},"end":{"line":3,"column":85}}],"line":3}},"s":{"0":2,"1":0,"2":0,"3":0},"f":{"0":0},"b":{"0":[0,0]},"_coverageSchema":"43e27e138ebf9cfc5966b082cf9a028302ed4184","hash":"ee55bbd46286eadd3cde89fc9b6989b90e7f162f"}
,"/home/emmisteel/Documents/javascript30/jackClinic/middleware/async.js": {"path":"/home/emmisteel/Documents/javascript30/jackClinic/middleware/async.js","statementMap":{"0":{"start":{"line":2,"column":0},"end":{"line":10,"column":1}},"1":{"start":{"line":3,"column":4},"end":{"line":9,"column":5}},"2":{"start":{"line":4,"column":8},"end":{"line":8,"column":9}},"3":{"start":{"line":5,"column":12},"end":{"line":5,"column":36}},"4":{"start":{"line":7,"column":12},"end":{"line":7,"column":24}}},"fnMap":{"0":{"name":"asyncMiddleware","decl":{"start":{"line":2,"column":26},"end":{"line":2,"column":41}},"loc":{"start":{"line":2,"column":51},"end":{"line":10,"column":1}},"line":2},"1":{"name":"(anonymous_1)","decl":{"start":{"line":3,"column":11},"end":{"line":3,"column":12}},"loc":{"start":{"line":3,"column":37},"end":{"line":9,"column":5}},"line":3}},"branchMap":{},"s":{"0":2,"1":44,"2":6,"3":6,"4":0},"f":{"0":44,"1":6},"b":{},"_coverageSchema":"43e27e138ebf9cfc5966b082cf9a028302ed4184","hash":"fba1c92c4e3c996da94eb29ebaa63fb251ff3f5e"}
,"/home/emmisteel/Documents/javascript30/jackClinic/middleware/authMiddleware.js": {"path":"/home/emmisteel/Documents/javascript30/jackClinic/middleware/authMiddleware.js","statementMap":{"0":{"start":{"line":2,"column":12},"end":{"line":2,"column":35}},"1":{"start":{"line":3,"column":15},"end":{"line":3,"column":32}},"2":{"start":{"line":5,"column":0},"end":{"line":16,"column":1}},"3":{"start":{"line":6,"column":18},"end":{"line":6,"column":44}},"4":{"start":{"line":7,"column":4},"end":{"line":7,"column":93}},"5":{"start":{"line":7,"column":16},"end":{"line":7,"column":93}},"6":{"start":{"line":9,"column":4},"end":{"line":15,"column":5}},"7":{"start":{"line":10,"column":25},"end":{"line":10,"column":75}},"8":{"start":{"line":11,"column":8},"end":{"line":11,"column":27}},"9":{"start":{"line":12,"column":8},"end":{"line":12,"column":15}},"10":{"start":{"line":14,"column":8},"end":{"line":14,"column":47}}},"fnMap":{"0":{"name":"(anonymous_0)","decl":{"start":{"line":5,"column":17},"end":{"line":5,"column":18}},"loc":{"start":{"line":5,"column":42},"end":{"line":16,"column":1}},"line":5}},"branchMap":{"0":{"loc":{"start":{"line":7,"column":4},"end":{"line":7,"column":93}},"type":"if","locations":[{"start":{"line":7,"column":4},"end":{"line":7,"column":93}},{"start":{"line":7,"column":4},"end":{"line":7,"column":93}}],"line":7}},"s":{"0":2,"1":2,"2":2,"3":2,"4":2,"5":1,"6":1,"7":1,"8":1,"9":1,"10":0},"f":{"0":2},"b":{"0":[1,1]},"_coverageSchema":"43e27e138ebf9cfc5966b082cf9a028302ed4184","hash":"fd2d6040be4a3057acc10181153199af765c69cd"}
,"/home/emmisteel/Documents/javascript30/jackClinic/middleware/error.js": {"path":"/home/emmisteel/Documents/javascript30/jackClinic/middleware/error.js","statementMap":{"0":{"start":{"line":2,"column":16},"end":{"line":2,"column":34}},"1":{"start":{"line":4,"column":0},"end":{"line":7,"column":1}},"2":{"start":{"line":5,"column":4},"end":{"line":5,"column":36}},"3":{"start":{"line":6,"column":4},"end":{"line":6,"column":84}}},"fnMap":{"0":{"name":"(anonymous_0)","decl":{"start":{"line":4,"column":17},"end":{"line":4,"column":18}},"loc":{"start":{"line":4,"column":46},"end":{"line":7,"column":1}},"line":4}},"branchMap":{},"s":{"0":2,"1":2,"2":0,"3":0},"f":{"0":0},"b":{},"_coverageSchema":"43e27e138ebf9cfc5966b082cf9a028302ed4184","hash":"5ef1cb98e21965069efc7c3aa309120ccee81ed1"}
,"/home/emmisteel/Documents/javascript30/jackClinic/middleware/isActive.js": {"path":"/home/emmisteel/Documents/javascript30/jackClinic/middleware/isActive.js","statementMap":{"0":{"start":{"line":1,"column":0},"end":{"line":5,"column":1}},"1":{"start":{"line":3,"column":4},"end":{"line":3,"column":86}},"2":{"start":{"line":3,"column":28},"end":{"line":3,"column":86}},"3":{"start":{"line":4,"column":4},"end":{"line":4,"column":11}}},"fnMap":{"0":{"name":"(anonymous_0)","decl":{"start":{"line":1,"column":17},"end":{"line":1,"column":18}},"loc":{"start":{"line":1,"column":43},"end":{"line":5,"column":1}},"line":1}},"branchMap":{"0":{"loc":{"start":{"line":3,"column":4},"end":{"line":3,"column":86}},"type":"if","locations":[{"start":{"line":3,"column":4},"end":{"line":3,"column":86}},{"start":{"line":3,"column":4},"end":{"line":3,"column":86}}],"line":3}},"s":{"0":2,"1":1,"2":0,"3":1},"f":{"0":1},"b":{"0":[0,1]},"_coverageSchema":"43e27e138ebf9cfc5966b082cf9a028302ed4184","hash":"f117b7b96f3bda78c3833976d861db91d6ab6252"}
,"/home/emmisteel/Documents/javascript30/jackClinic/middleware/validateObjectId.js": {"path":"/home/emmisteel/Documents/javascript30/jackClinic/middleware/validateObjectId.js","statementMap":{"0":{"start":{"line":2,"column":17},"end":{"line":2,"column":36}},"1":{"start":{"line":4,"column":0},"end":{"line":8,"column":2}},"2":{"start":{"line":5,"column":4},"end":{"line":6,"column":71}},"3":{"start":{"line":6,"column":8},"end":{"line":6,"column":71}},"4":{"start":{"line":7,"column":4},"end":{"line":7,"column":11}}},"fnMap":{"0":{"name":"(anonymous_0)","decl":{"start":{"line":4,"column":17},"end":{"line":4,"column":18}},"loc":{"start":{"line":4,"column":42},"end":{"line":8,"column":1}},"line":4}},"branchMap":{"0":{"loc":{"start":{"line":5,"column":4},"end":{"line":6,"column":71}},"type":"if","locations":[{"start":{"line":5,"column":4},"end":{"line":6,"column":71}},{"start":{"line":5,"column":4},"end":{"line":6,"column":71}}],"line":5}},"s":{"0":2,"1":2,"2":2,"3":1,"4":1},"f":{"0":2},"b":{"0":[1,1]},"_coverageSchema":"43e27e138ebf9cfc5966b082cf9a028302ed4184","hash":"760d2fbec46539249619735bc6d876164410693b"}
,"/home/emmisteel/Documents/javascript30/jackClinic/models/doctor.js": {"path":"/home/emmisteel/Documents/javascript30/jackClinic/models/doctor.js","statementMap":{"0":{"start":{"line":2,"column":12},"end":{"line":2,"column":26}},"1":{"start":{"line":3,"column":17},"end":{"line":3,"column":36}},"2":{"start":{"line":4,"column":23},"end":{"line":4,"column":50}},"3":{"start":{"line":5,"column":12},"end":{"line":5,"column":35}},"4":{"start":{"line":6,"column":15},"end":{"line":6,"column":32}},"5":{"start":{"line":8,"column":21},"end":{"line":98,"column":2}},"6":{"start":{"line":100,"column":0},"end":{"line":102,"column":2}},"7":{"start":{"line":101,"column":4},"end":{"line":101,"column":119}},"8":{"start":{"line":104,"column":15},"end":{"line":104,"column":53}},"9":{"start":{"line":107,"column":19},"end":{"line":120,"column":5}},"10":{"start":{"line":121,"column":4},"end":{"line":121,"column":40}},"11":{"start":{"line":124,"column":0},"end":{"line":124,"column":24}},"12":{"start":{"line":125,"column":0},"end":{"line":125,"column":34}}},"fnMap":{"0":{"name":"(anonymous_0)","decl":{"start":{"line":100,"column":41},"end":{"line":100,"column":42}},"loc":{"start":{"line":100,"column":52},"end":{"line":102,"column":1}},"line":100},"1":{"name":"validateDoctor","decl":{"start":{"line":106,"column":9},"end":{"line":106,"column":23}},"loc":{"start":{"line":106,"column":32},"end":{"line":122,"column":1}},"line":106}},"branchMap":{},"s":{"0":3,"1":3,"2":3,"3":3,"4":3,"5":3,"6":3,"7":4,"8":3,"9":0,"10":0,"11":3,"12":3},"f":{"0":4,"1":0},"b":{},"_coverageSchema":"43e27e138ebf9cfc5966b082cf9a028302ed4184","hash":"b9253ca5b4a6ef1c54ffec95c4b520810faf5fc7"}
,"/home/emmisteel/Documents/javascript30/jackClinic/models/healthService.js": {"path":"/home/emmisteel/Documents/javascript30/jackClinic/models/healthService.js","statementMap":{"0":{"start":{"line":2,"column":12},"end":{"line":2,"column":26}},"1":{"start":{"line":3,"column":17},"end":{"line":3,"column":36}},"2":{"start":{"line":5,"column":22},"end":{"line":95,"column":3}},"3":{"start":{"line":98,"column":19},"end":{"line":101,"column":5}},"4":{"start":{"line":103,"column":4},"end":{"line":103,"column":47}},"5":{"start":{"line":106,"column":0},"end":{"line":106,"column":38}},"6":{"start":{"line":107,"column":0},"end":{"line":107,"column":41}}},"fnMap":{"0":{"name":"validateHealthService","decl":{"start":{"line":97,"column":9},"end":{"line":97,"column":30}},"loc":{"start":{"line":97,"column":46},"end":{"line":104,"column":1}},"line":97}},"branchMap":{},"s":{"0":2,"1":2,"2":2,"3":0,"4":0,"5":2,"6":2},"f":{"0":0},"b":{},"_coverageSchema":"43e27e138ebf9cfc5966b082cf9a028302ed4184","hash":"43b29266e39b7f75075b34fca01a177416618e68"}
,"/home/emmisteel/Documents/javascript30/jackClinic/models/patient.js": {"path":"/home/emmisteel/Documents/javascript30/jackClinic/models/patient.js","statementMap":{"0":{"start":{"line":2,"column":12},"end":{"line":2,"column":26}},"1":{"start":{"line":3,"column":17},"end":{"line":3,"column":36}},"2":{"start":{"line":4,"column":12},"end":{"line":4,"column":35}},"3":{"start":{"line":5,"column":15},"end":{"line":5,"column":32}},"4":{"start":{"line":7,"column":22},"end":{"line":41,"column":2}},"5":{"start":{"line":43,"column":0},"end":{"line":45,"column":2}},"6":{"start":{"line":44,"column":4},"end":{"line":44,"column":90}},"7":{"start":{"line":47,"column":16},"end":{"line":47,"column":56}},"8":{"start":{"line":51,"column":19},"end":{"line":57,"column":5}},"9":{"start":{"line":58,"column":4},"end":{"line":58,"column":41}},"10":{"start":{"line":61,"column":0},"end":{"line":61,"column":26}},"11":{"start":{"line":62,"column":0},"end":{"line":62,"column":35}}},"fnMap":{"0":{"name":"(anonymous_0)","decl":{"start":{"line":43,"column":42},"end":{"line":43,"column":43}},"loc":{"start":{"line":43,"column":53},"end":{"line":45,"column":1}},"line":43},"1":{"name":"validatePatient","decl":{"start":{"line":50,"column":9},"end":{"line":50,"column":24}},"loc":{"start":{"line":50,"column":34},"end":{"line":59,"column":1}},"line":50}},"branchMap":{},"s":{"0":2,"1":2,"2":2,"3":2,"4":2,"5":2,"6":2,"7":2,"8":4,"9":4,"10":2,"11":2},"f":{"0":2,"1":4},"b":{},"_coverageSchema":"43e27e138ebf9cfc5966b082cf9a028302ed4184","hash":"78b0d7b0b2ccab08f3a1940b293946933f99a421"}
,"/home/emmisteel/Documents/javascript30/jackClinic/models/specialization.js": {"path":"/home/emmisteel/Documents/javascript30/jackClinic/models/specialization.js","statementMap":{"0":{"start":{"line":2,"column":12},"end":{"line":2,"column":26}},"1":{"start":{"line":3,"column":17},"end":{"line":3,"column":36}},"2":{"start":{"line":5,"column":19},"end":{"line":12,"column":2}},"3":{"start":{"line":14,"column":23},"end":{"line":14,"column":67}},"4":{"start":{"line":17,"column":19},"end":{"line":19,"column":5}},"5":{"start":{"line":20,"column":4},"end":{"line":20,"column":48}},"6":{"start":{"line":23,"column":0},"end":{"line":23,"column":32}},"7":{"start":{"line":24,"column":0},"end":{"line":24,"column":40}},"8":{"start":{"line":25,"column":0},"end":{"line":25,"column":42}}},"fnMap":{"0":{"name":"validateSpecialization","decl":{"start":{"line":16,"column":9},"end":{"line":16,"column":31}},"loc":{"start":{"line":16,"column":48},"end":{"line":21,"column":1}},"line":16}},"branchMap":{},"s":{"0":3,"1":3,"2":3,"3":3,"4":0,"5":0,"6":3,"7":3,"8":3},"f":{"0":0},"b":{},"_coverageSchema":"43e27e138ebf9cfc5966b082cf9a028302ed4184","hash":"71ecd2f8a10a65e3b658262eb31149781edcb61f"}
,"/home/emmisteel/Documents/javascript30/jackClinic/routes/auth.js": {"path":"/home/emmisteel/Documents/javascript30/jackClinic/routes/auth.js","statementMap":{"0":{"start":{"line":2,"column":10},"end":{"line":2,"column":27}},"1":{"start":{"line":3,"column":15},"end":{"line":3,"column":32}},"2":{"start":{"line":4,"column":24},"end":{"line":4,"column":54}},"3":{"start":{"line":5,"column":19},"end":{"line":5,"column":46}},"4":{"start":{"line":6,"column":20},"end":{"line":6,"column":48}},"5":{"start":{"line":7,"column":12},"end":{"line":7,"column":26}},"6":{"start":{"line":8,"column":16},"end":{"line":8,"column":34}},"7":{"start":{"line":9,"column":15},"end":{"line":9,"column":31}},"8":{"start":{"line":11,"column":0},"end":{"line":36,"column":2}},"9":{"start":{"line":12,"column":22},"end":{"line":12,"column":40}},"10":{"start":{"line":13,"column":4},"end":{"line":13,"column":69}},"11":{"start":{"line":13,"column":15},"end":{"line":13,"column":69}},"12":{"start":{"line":15,"column":17},"end":{"line":15,"column":62}},"13":{"start":{"line":16,"column":18},"end":{"line":16,"column":64}},"14":{"start":{"line":21,"column":4},"end":{"line":33,"column":5}},"15":{"start":{"line":22,"column":8},"end":{"line":22,"column":81}},"16":{"start":{"line":23,"column":8},"end":{"line":23,"column":98}},"17":{"start":{"line":23,"column":28},"end":{"line":23,"column":98}},"18":{"start":{"line":24,"column":8},"end":{"line":24,"column":43}},"19":{"start":{"line":25,"column":8},"end":{"line":25,"column":72}},"20":{"start":{"line":26,"column":11},"end":{"line":33,"column":5}},"21":{"start":{"line":27,"column":8},"end":{"line":27,"column":82}},"22":{"start":{"line":28,"column":8},"end":{"line":28,"column":98}},"23":{"start":{"line":28,"column":28},"end":{"line":28,"column":98}},"24":{"start":{"line":29,"column":8},"end":{"line":29,"column":44}},"25":{"start":{"line":30,"column":8},"end":{"line":30,"column":72}},"26":{"start":{"line":32,"column":8},"end":{"line":32,"column":78}},"27":{"start":{"line":39,"column":19},"end":{"line":42,"column":5}},"28":{"start":{"line":43,"column":4},"end":{"line":43,"column":37}},"29":{"start":{"line":46,"column":0},"end":{"line":46,"column":24}}},"fnMap":{"0":{"name":"(anonymous_0)","decl":{"start":{"line":11,"column":33},"end":{"line":11,"column":34}},"loc":{"start":{"line":11,"column":53},"end":{"line":35,"column":5}},"line":11},"1":{"name":"validate","decl":{"start":{"line":38,"column":9},"end":{"line":38,"column":17}},"loc":{"start":{"line":38,"column":23},"end":{"line":44,"column":1}},"line":38}},"branchMap":{"0":{"loc":{"start":{"line":13,"column":4},"end":{"line":13,"column":69}},"type":"if","locations":[{"start":{"line":13,"column":4},"end":{"line":13,"column":69}},{"start":{"line":13,"column":4},"end":{"line":13,"column":69}}],"line":13},"1":{"loc":{"start":{"line":21,"column":4},"end":{"line":33,"column":5}},"type":"if","locations":[{"start":{"line":21,"column":4},"end":{"line":33,"column":5}},{"start":{"line":21,"column":4},"end":{"line":33,"column":5}}],"line":21},"2":{"loc":{"start":{"line":23,"column":8},"end":{"line":23,"column":98}},"type":"if","locations":[{"start":{"line":23,"column":8},"end":{"line":23,"column":98}},{"start":{"line":23,"column":8},"end":{"line":23,"column":98}}],"line":23},"3":{"loc":{"start":{"line":26,"column":11},"end":{"line":33,"column":5}},"type":"if","locations":[{"start":{"line":26,"column":11},"end":{"line":33,"column":5}},{"start":{"line":26,"column":11},"end":{"line":33,"column":5}}],"line":26},"4":{"loc":{"start":{"line":28,"column":8},"end":{"line":28,"column":98}},"type":"if","locations":[{"start":{"line":28,"column":8},"end":{"line":28,"column":98}},{"start":{"line":28,"column":8},"end":{"line":28,"column":98}}],"line":28}},"s":{"0":2,"1":2,"2":2,"3":2,"4":2,"5":2,"6":2,"7":2,"8":2,"9":0,"10":0,"11":0,"12":0,"13":0,"14":0,"15":0,"16":0,"17":0,"18":0,"19":0,"20":0,"21":0,"22":0,"23":0,"24":0,"25":0,"26":0,"27":0,"28":0,"29":2},"f":{"0":0,"1":0},"b":{"0":[0,0],"1":[0,0],"2":[0,0],"3":[0,0],"4":[0,0]},"_coverageSchema":"43e27e138ebf9cfc5966b082cf9a028302ed4184","hash":"0f16145f8c68cfb7e47a420686ef30a0333ac150"}
,"/home/emmisteel/Documents/javascript30/jackClinic/routes/doctors.js": {"path":"/home/emmisteel/Documents/javascript30/jackClinic/routes/doctors.js","statementMap":{"0":{"start":{"line":2,"column":10},"end":{"line":2,"column":27}},"1":{"start":{"line":3,"column":15},"end":{"line":3,"column":32}},"2":{"start":{"line":4,"column":24},"end":{"line":4,"column":54}},"3":{"start":{"line":5,"column":27},"end":{"line":5,"column":54}},"4":{"start":{"line":6,"column":25},"end":{"line":6,"column":60}},"5":{"start":{"line":7,"column":23},"end":{"line":7,"column":62}},"6":{"start":{"line":8,"column":25},"end":{"line":8,"column":66}},"7":{"start":{"line":9,"column":14},"end":{"line":9,"column":44}},"8":{"start":{"line":10,"column":17},"end":{"line":10,"column":50}},"9":{"start":{"line":11,"column":16},"end":{"line":11,"column":34}},"10":{"start":{"line":12,"column":15},"end":{"line":12,"column":31}},"11":{"start":{"line":14,"column":0},"end":{"line":18,"column":2}},"12":{"start":{"line":15,"column":19},"end":{"line":15,"column":74}},"13":{"start":{"line":16,"column":4},"end":{"line":16,"column":31}},"14":{"start":{"line":20,"column":0},"end":{"line":24,"column":2}},"15":{"start":{"line":21,"column":20},"end":{"line":21,"column":57}},"16":{"start":{"line":22,"column":4},"end":{"line":22,"column":22}},"17":{"start":{"line":26,"column":0},"end":{"line":63,"column":2}},"18":{"start":{"line":27,"column":22},"end":{"line":27,"column":40}},"19":{"start":{"line":28,"column":4},"end":{"line":28,"column":69}},"20":{"start":{"line":28,"column":15},"end":{"line":28,"column":69}},"21":{"start":{"line":31,"column":31},"end":{"line":31,"column":87}},"22":{"start":{"line":32,"column":8},"end":{"line":32,"column":97}},"23":{"start":{"line":32,"column":29},"end":{"line":32,"column":97}},"24":{"start":{"line":34,"column":21},"end":{"line":34,"column":66}},"25":{"start":{"line":35,"column":8},"end":{"line":35,"column":121}},"26":{"start":{"line":35,"column":20},"end":{"line":35,"column":121}},"27":{"start":{"line":37,"column":8},"end":{"line":54,"column":11}},"28":{"start":{"line":55,"column":21},"end":{"line":55,"column":45}},"29":{"start":{"line":56,"column":8},"end":{"line":56,"column":67}},"30":{"start":{"line":57,"column":8},"end":{"line":57,"column":28}},"31":{"start":{"line":59,"column":8},"end":{"line":61,"column":80}},"32":{"start":{"line":65,"column":0},"end":{"line":84,"column":2}},"33":{"start":{"line":66,"column":22},"end":{"line":66,"column":40}},"34":{"start":{"line":67,"column":4},"end":{"line":67,"column":69}},"35":{"start":{"line":67,"column":15},"end":{"line":67,"column":69}},"36":{"start":{"line":69,"column":23},"end":{"line":79,"column":9}},"37":{"start":{"line":81,"column":8},"end":{"line":81,"column":96}},"38":{"start":{"line":81,"column":21},"end":{"line":81,"column":96}},"39":{"start":{"line":82,"column":8},"end":{"line":82,"column":25}},"40":{"start":{"line":86,"column":0},"end":{"line":91,"column":2}},"41":{"start":{"line":87,"column":19},"end":{"line":87,"column":64}},"42":{"start":{"line":88,"column":4},"end":{"line":88,"column":92}},"43":{"start":{"line":88,"column":17},"end":{"line":88,"column":92}},"44":{"start":{"line":89,"column":4},"end":{"line":89,"column":21}},"45":{"start":{"line":93,"column":0},"end":{"line":98,"column":2}},"46":{"start":{"line":94,"column":19},"end":{"line":94,"column":55}},"47":{"start":{"line":95,"column":4},"end":{"line":95,"column":92}},"48":{"start":{"line":95,"column":17},"end":{"line":95,"column":92}},"49":{"start":{"line":96,"column":4},"end":{"line":96,"column":21}},"50":{"start":{"line":100,"column":0},"end":{"line":100,"column":24}}},"fnMap":{"0":{"name":"(anonymous_0)","decl":{"start":{"line":14,"column":51},"end":{"line":14,"column":52}},"loc":{"start":{"line":14,"column":71},"end":{"line":17,"column":5}},"line":14},"1":{"name":"(anonymous_1)","decl":{"start":{"line":20,"column":49},"end":{"line":20,"column":50}},"loc":{"start":{"line":20,"column":69},"end":{"line":23,"column":5}},"line":20},"2":{"name":"(anonymous_2)","decl":{"start":{"line":26,"column":34},"end":{"line":26,"column":35}},"loc":{"start":{"line":26,"column":54},"end":{"line":62,"column":5}},"line":26},"3":{"name":"(anonymous_3)","decl":{"start":{"line":65,"column":63},"end":{"line":65,"column":64}},"loc":{"start":{"line":65,"column":83},"end":{"line":83,"column":5}},"line":65},"4":{"name":"(anonymous_4)","decl":{"start":{"line":86,"column":63},"end":{"line":86,"column":64}},"loc":{"start":{"line":86,"column":83},"end":{"line":90,"column":5}},"line":86},"5":{"name":"(anonymous_5)","decl":{"start":{"line":93,"column":69},"end":{"line":93,"column":70}},"loc":{"start":{"line":93,"column":89},"end":{"line":97,"column":5}},"line":93}},"branchMap":{"0":{"loc":{"start":{"line":28,"column":4},"end":{"line":28,"column":69}},"type":"if","locations":[{"start":{"line":28,"column":4},"end":{"line":28,"column":69}},{"start":{"line":28,"column":4},"end":{"line":28,"column":69}}],"line":28},"1":{"loc":{"start":{"line":32,"column":8},"end":{"line":32,"column":97}},"type":"if","locations":[{"start":{"line":32,"column":8},"end":{"line":32,"column":97}},{"start":{"line":32,"column":8},"end":{"line":32,"column":97}}],"line":32},"2":{"loc":{"start":{"line":35,"column":8},"end":{"line":35,"column":121}},"type":"if","locations":[{"start":{"line":35,"column":8},"end":{"line":35,"column":121}},{"start":{"line":35,"column":8},"end":{"line":35,"column":121}}],"line":35},"3":{"loc":{"start":{"line":67,"column":4},"end":{"line":67,"column":69}},"type":"if","locations":[{"start":{"line":67,"column":4},"end":{"line":67,"column":69}},{"start":{"line":67,"column":4},"end":{"line":67,"column":69}}],"line":67},"4":{"loc":{"start":{"line":81,"column":8},"end":{"line":81,"column":96}},"type":"if","locations":[{"start":{"line":81,"column":8},"end":{"line":81,"column":96}},{"start":{"line":81,"column":8},"end":{"line":81,"column":96}}],"line":81},"5":{"loc":{"start":{"line":88,"column":4},"end":{"line":88,"column":92}},"type":"if","locations":[{"start":{"line":88,"column":4},"end":{"line":88,"column":92}},{"start":{"line":88,"column":4},"end":{"line":88,"column":92}}],"line":88},"6":{"loc":{"start":{"line":95,"column":4},"end":{"line":95,"column":92}},"type":"if","locations":[{"start":{"line":95,"column":4},"end":{"line":95,"column":92}},{"start":{"line":95,"column":4},"end":{"line":95,"column":92}}],"line":95}},"s":{"0":2,"1":2,"2":2,"3":2,"4":2,"5":2,"6":2,"7":2,"8":2,"9":2,"10":2,"11":2,"12":0,"13":0,"14":2,"15":0,"16":0,"17":2,"18":0,"19":0,"20":0,"21":0,"22":0,"23":0,"24":0,"25":0,"26":0,"27":0,"28":0,"29":0,"30":0,"31":0,"32":2,"33":0,"34":0,"35":0,"36":0,"37":0,"38":0,"39":0,"40":2,"41":0,"42":0,"43":0,"44":0,"45":2,"46":0,"47":0,"48":0,"49":0,"50":2},"f":{"0":0,"1":0,"2":0,"3":0,"4":0,"5":0},"b":{"0":[0,0],"1":[0,0],"2":[0,0],"3":[0,0],"4":[0,0],"5":[0,0],"6":[0,0]},"_coverageSchema":"43e27e138ebf9cfc5966b082cf9a028302ed4184","hash":"e499eca37b233f43f02320e2e7b279032b750fdc"}
,"/home/emmisteel/Documents/javascript30/jackClinic/routes/healthServices.js": {"path":"/home/emmisteel/Documents/javascript30/jackClinic/routes/healthServices.js","statementMap":{"0":{"start":{"line":2,"column":36},"end":{"line":2,"column":70}},"1":{"start":{"line":3,"column":19},"end":{"line":3,"column":46}},"2":{"start":{"line":4,"column":20},"end":{"line":4,"column":48}},"3":{"start":{"line":5,"column":24},"end":{"line":5,"column":54}},"4":{"start":{"line":6,"column":13},"end":{"line":6,"column":28}},"5":{"start":{"line":7,"column":16},"end":{"line":7,"column":34}},"6":{"start":{"line":8,"column":17},"end":{"line":8,"column":36}},"7":{"start":{"line":9,"column":15},"end":{"line":9,"column":31}},"8":{"start":{"line":11,"column":0},"end":{"line":11,"column":20}},"9":{"start":{"line":13,"column":0},"end":{"line":17,"column":2}},"10":{"start":{"line":14,"column":27},"end":{"line":14,"column":76}},"11":{"start":{"line":15,"column":4},"end":{"line":15,"column":29}},"12":{"start":{"line":19,"column":0},"end":{"line":60,"column":2}},"13":{"start":{"line":20,"column":22},"end":{"line":20,"column":40}},"14":{"start":{"line":21,"column":4},"end":{"line":21,"column":69}},"15":{"start":{"line":21,"column":15},"end":{"line":21,"column":69}},"16":{"start":{"line":23,"column":20},"end":{"line":23,"column":62}},"17":{"start":{"line":24,"column":4},"end":{"line":24,"column":72}},"18":{"start":{"line":24,"column":17},"end":{"line":24,"column":72}},"19":{"start":{"line":26,"column":19},"end":{"line":26,"column":59}},"20":{"start":{"line":27,"column":4},"end":{"line":27,"column":64}},"21":{"start":{"line":27,"column":17},"end":{"line":27,"column":64}},"22":{"start":{"line":29,"column":4},"end":{"line":29,"column":91}},"23":{"start":{"line":29,"column":29},"end":{"line":29,"column":91}},"24":{"start":{"line":31,"column":24},"end":{"line":50,"column":6}},"25":{"start":{"line":52,"column":4},"end":{"line":57,"column":15}},"26":{"start":{"line":58,"column":4},"end":{"line":58,"column":28}},"27":{"start":{"line":62,"column":0},"end":{"line":67,"column":2}},"28":{"start":{"line":63,"column":26},"end":{"line":63,"column":69}},"29":{"start":{"line":64,"column":4},"end":{"line":64,"column":98}},"30":{"start":{"line":64,"column":24},"end":{"line":64,"column":98}},"31":{"start":{"line":65,"column":4},"end":{"line":65,"column":28}},"32":{"start":{"line":69,"column":0},"end":{"line":69,"column":24}}},"fnMap":{"0":{"name":"(anonymous_0)","decl":{"start":{"line":13,"column":32},"end":{"line":13,"column":33}},"loc":{"start":{"line":13,"column":52},"end":{"line":16,"column":5}},"line":13},"1":{"name":"(anonymous_1)","decl":{"start":{"line":19,"column":33},"end":{"line":19,"column":34}},"loc":{"start":{"line":19,"column":53},"end":{"line":59,"column":5}},"line":19},"2":{"name":"(anonymous_2)","decl":{"start":{"line":62,"column":35},"end":{"line":62,"column":36}},"loc":{"start":{"line":62,"column":55},"end":{"line":66,"column":5}},"line":62}},"branchMap":{"0":{"loc":{"start":{"line":21,"column":4},"end":{"line":21,"column":69}},"type":"if","locations":[{"start":{"line":21,"column":4},"end":{"line":21,"column":69}},{"start":{"line":21,"column":4},"end":{"line":21,"column":69}}],"line":21},"1":{"loc":{"start":{"line":24,"column":4},"end":{"line":24,"column":72}},"type":"if","locations":[{"start":{"line":24,"column":4},"end":{"line":24,"column":72}},{"start":{"line":24,"column":4},"end":{"line":24,"column":72}}],"line":24},"2":{"loc":{"start":{"line":27,"column":4},"end":{"line":27,"column":64}},"type":"if","locations":[{"start":{"line":27,"column":4},"end":{"line":27,"column":64}},{"start":{"line":27,"column":4},"end":{"line":27,"column":64}}],"line":27},"3":{"loc":{"start":{"line":29,"column":4},"end":{"line":29,"column":91}},"type":"if","locations":[{"start":{"line":29,"column":4},"end":{"line":29,"column":91}},{"start":{"line":29,"column":4},"end":{"line":29,"column":91}}],"line":29},"4":{"loc":{"start":{"line":64,"column":4},"end":{"line":64,"column":98}},"type":"if","locations":[{"start":{"line":64,"column":4},"end":{"line":64,"column":98}},{"start":{"line":64,"column":4},"end":{"line":64,"column":98}}],"line":64}},"s":{"0":2,"1":2,"2":2,"3":2,"4":2,"5":2,"6":2,"7":2,"8":2,"9":2,"10":0,"11":0,"12":2,"13":0,"14":0,"15":0,"16":0,"17":0,"18":0,"19":0,"20":0,"21":0,"22":0,"23":0,"24":0,"25":0,"26":0,"27":2,"28":0,"29":0,"30":0,"31":0,"32":2},"f":{"0":0,"1":0,"2":0},"b":{"0":[0,0],"1":[0,0],"2":[0,0],"3":[0,0],"4":[0,0]},"_coverageSchema":"43e27e138ebf9cfc5966b082cf9a028302ed4184","hash":"4c752fb49c267b9aa5428422282d78e6868aaca3"}
,"/home/emmisteel/Documents/javascript30/jackClinic/routes/login.js": {"path":"/home/emmisteel/Documents/javascript30/jackClinic/routes/login.js","statementMap":{"0":{"start":{"line":2,"column":10},"end":{"line":2,"column":27}},"1":{"start":{"line":3,"column":15},"end":{"line":3,"column":32}},"2":{"start":{"line":4,"column":18},"end":{"line":4,"column":46}},"3":{"start":{"line":5,"column":24},"end":{"line":5,"column":54}},"4":{"start":{"line":6,"column":12},"end":{"line":6,"column":26}},"5":{"start":{"line":7,"column":16},"end":{"line":7,"column":34}},"6":{"start":{"line":8,"column":15},"end":{"line":8,"column":31}},"7":{"start":{"line":10,"column":0},"end":{"line":24,"column":2}},"8":{"start":{"line":11,"column":22},"end":{"line":11,"column":40}},"9":{"start":{"line":12,"column":4},"end":{"line":12,"column":69}},"10":{"start":{"line":12,"column":15},"end":{"line":12,"column":69}},"11":{"start":{"line":14,"column":18},"end":{"line":14,"column":64}},"12":{"start":{"line":15,"column":4},"end":{"line":15,"column":88}},"13":{"start":{"line":15,"column":18},"end":{"line":15,"column":88}},"14":{"start":{"line":17,"column":26},"end":{"line":17,"column":83}},"15":{"start":{"line":18,"column":4},"end":{"line":18,"column":94}},"16":{"start":{"line":18,"column":24},"end":{"line":18,"column":94}},"17":{"start":{"line":20,"column":18},"end":{"line":20,"column":45}},"18":{"start":{"line":22,"column":4},"end":{"line":22,"column":68}},"19":{"start":{"line":27,"column":19},"end":{"line":30,"column":5}},"20":{"start":{"line":31,"column":4},"end":{"line":31,"column":37}},"21":{"start":{"line":34,"column":0},"end":{"line":34,"column":24}}},"fnMap":{"0":{"name":"(anonymous_0)","decl":{"start":{"line":10,"column":33},"end":{"line":10,"column":34}},"loc":{"start":{"line":10,"column":53},"end":{"line":23,"column":5}},"line":10},"1":{"name":"validate","decl":{"start":{"line":26,"column":9},"end":{"line":26,"column":17}},"loc":{"start":{"line":26,"column":23},"end":{"line":32,"column":1}},"line":26}},"branchMap":{"0":{"loc":{"start":{"line":12,"column":4},"end":{"line":12,"column":69}},"type":"if","locations":[{"start":{"line":12,"column":4},"end":{"line":12,"column":69}},{"start":{"line":12,"column":4},"end":{"line":12,"column":69}}],"line":12},"1":{"loc":{"start":{"line":15,"column":4},"end":{"line":15,"column":88}},"type":"if","locations":[{"start":{"line":15,"column":4},"end":{"line":15,"column":88}},{"start":{"line":15,"column":4},"end":{"line":15,"column":88}}],"line":15},"2":{"loc":{"start":{"line":18,"column":4},"end":{"line":18,"column":94}},"type":"if","locations":[{"start":{"line":18,"column":4},"end":{"line":18,"column":94}},{"start":{"line":18,"column":4},"end":{"line":18,"column":94}}],"line":18}},"s":{"0":2,"1":2,"2":2,"3":2,"4":2,"5":2,"6":2,"7":2,"8":0,"9":0,"10":0,"11":0,"12":0,"13":0,"14":0,"15":0,"16":0,"17":0,"18":0,"19":0,"20":0,"21":2},"f":{"0":0,"1":0},"b":{"0":[0,0],"1":[0,0],"2":[0,0]},"_coverageSchema":"43e27e138ebf9cfc5966b082cf9a028302ed4184","hash":"266521fdba90f42ea77c043935a21e2ebfaf9625"}
,"/home/emmisteel/Documents/javascript30/jackClinic/routes/patients.js": {"path":"/home/emmisteel/Documents/javascript30/jackClinic/routes/patients.js","statementMap":{"0":{"start":{"line":2,"column":10},"end":{"line":2,"column":27}},"1":{"start":{"line":3,"column":23},"end":{"line":3,"column":62}},"2":{"start":{"line":4,"column":24},"end":{"line":4,"column":54}},"3":{"start":{"line":5,"column":15},"end":{"line":5,"column":32}},"4":{"start":{"line":6,"column":28},"end":{"line":6,"column":56}},"5":{"start":{"line":7,"column":14},"end":{"line":7,"column":44}},"6":{"start":{"line":8,"column":17},"end":{"line":8,"column":50}},"7":{"start":{"line":9,"column":16},"end":{"line":9,"column":34}},"8":{"start":{"line":10,"column":15},"end":{"line":10,"column":31}},"9":{"start":{"line":12,"column":0},"end":{"line":16,"column":2}},"10":{"start":{"line":13,"column":20},"end":{"line":13,"column":76}},"11":{"start":{"line":14,"column":4},"end":{"line":14,"column":32}},"12":{"start":{"line":18,"column":0},"end":{"line":30,"column":2}},"13":{"start":{"line":19,"column":21},"end":{"line":19,"column":40}},"14":{"start":{"line":20,"column":24},"end":{"line":20,"column":39}},"15":{"start":{"line":21,"column":21},"end":{"line":21,"column":54}},"16":{"start":{"line":22,"column":4},"end":{"line":28,"column":5}},"17":{"start":{"line":23,"column":8},"end":{"line":24,"column":33}},"18":{"start":{"line":25,"column":8},"end":{"line":25,"column":31}},"19":{"start":{"line":27,"column":8},"end":{"line":27,"column":27}},"20":{"start":{"line":32,"column":0},"end":{"line":54,"column":2}},"21":{"start":{"line":33,"column":22},"end":{"line":33,"column":40}},"22":{"start":{"line":34,"column":4},"end":{"line":34,"column":69}},"23":{"start":{"line":34,"column":15},"end":{"line":34,"column":69}},"24":{"start":{"line":36,"column":22},"end":{"line":36,"column":68}},"25":{"start":{"line":37,"column":8},"end":{"line":37,"column":94}},"26":{"start":{"line":37,"column":21},"end":{"line":37,"column":94}},"27":{"start":{"line":39,"column":8},"end":{"line":45,"column":11}},"28":{"start":{"line":47,"column":21},"end":{"line":47,"column":45}},"29":{"start":{"line":48,"column":8},"end":{"line":48,"column":69}},"30":{"start":{"line":49,"column":8},"end":{"line":49,"column":29}},"31":{"start":{"line":50,"column":22},"end":{"line":50,"column":49}},"32":{"start":{"line":51,"column":8},"end":{"line":52,"column":51}},"33":{"start":{"line":56,"column":0},"end":{"line":72,"column":2}},"34":{"start":{"line":57,"column":22},"end":{"line":57,"column":40}},"35":{"start":{"line":58,"column":4},"end":{"line":58,"column":69}},"36":{"start":{"line":58,"column":15},"end":{"line":58,"column":69}},"37":{"start":{"line":60,"column":24},"end":{"line":66,"column":29}},"38":{"start":{"line":68,"column":10},"end":{"line":68,"column":100}},"39":{"start":{"line":68,"column":24},"end":{"line":68,"column":100}},"40":{"start":{"line":70,"column":10},"end":{"line":70,"column":28}},"41":{"start":{"line":74,"column":0},"end":{"line":79,"column":2}},"42":{"start":{"line":75,"column":20},"end":{"line":75,"column":66}},"43":{"start":{"line":76,"column":4},"end":{"line":76,"column":94}},"44":{"start":{"line":76,"column":18},"end":{"line":76,"column":94}},"45":{"start":{"line":77,"column":4},"end":{"line":77,"column":22}},"46":{"start":{"line":81,"column":0},"end":{"line":86,"column":2}},"47":{"start":{"line":82,"column":20},"end":{"line":82,"column":57}},"48":{"start":{"line":83,"column":4},"end":{"line":83,"column":94}},"49":{"start":{"line":83,"column":18},"end":{"line":83,"column":94}},"50":{"start":{"line":84,"column":4},"end":{"line":84,"column":22}},"51":{"start":{"line":88,"column":0},"end":{"line":88,"column":24}}},"fnMap":{"0":{"name":"(anonymous_0)","decl":{"start":{"line":12,"column":50},"end":{"line":12,"column":51}},"loc":{"start":{"line":12,"column":70},"end":{"line":15,"column":5}},"line":12},"1":{"name":"(anonymous_1)","decl":{"start":{"line":18,"column":60},"end":{"line":18,"column":61}},"loc":{"start":{"line":18,"column":80},"end":{"line":29,"column":5}},"line":18},"2":{"name":"(anonymous_2)","decl":{"start":{"line":32,"column":33},"end":{"line":32,"column":34}},"loc":{"start":{"line":32,"column":53},"end":{"line":53,"column":5}},"line":32},"3":{"name":"(anonymous_3)","decl":{"start":{"line":56,"column":51},"end":{"line":56,"column":52}},"loc":{"start":{"line":56,"column":71},"end":{"line":71,"column":5}},"line":56},"4":{"name":"(anonymous_4)","decl":{"start":{"line":74,"column":63},"end":{"line":74,"column":64}},"loc":{"start":{"line":74,"column":83},"end":{"line":78,"column":5}},"line":74},"5":{"name":"(anonymous_5)","decl":{"start":{"line":81,"column":63},"end":{"line":81,"column":64}},"loc":{"start":{"line":81,"column":83},"end":{"line":85,"column":5}},"line":81}},"branchMap":{"0":{"loc":{"start":{"line":22,"column":4},"end":{"line":28,"column":5}},"type":"if","locations":[{"start":{"line":22,"column":4},"end":{"line":28,"column":5}},{"start":{"line":22,"column":4},"end":{"line":28,"column":5}}],"line":22},"1":{"loc":{"start":{"line":22,"column":8},"end":{"line":22,"column":31}},"type":"binary-expr","locations":[{"start":{"line":22,"column":8},"end":{"line":22,"column":16}},{"start":{"line":22,"column":20},"end":{"line":22,"column":31}}],"line":22},"2":{"loc":{"start":{"line":34,"column":4},"end":{"line":34,"column":69}},"type":"if","locations":[{"start":{"line":34,"column":4},"end":{"line":34,"column":69}},{"start":{"line":34,"column":4},"end":{"line":34,"column":69}}],"line":34},"3":{"loc":{"start":{"line":37,"column":8},"end":{"line":37,"column":94}},"type":"if","locations":[{"start":{"line":37,"column":8},"end":{"line":37,"column":94}},{"start":{"line":37,"column":8},"end":{"line":37,"column":94}}],"line":37},"4":{"loc":{"start":{"line":58,"column":4},"end":{"line":58,"column":69}},"type":"if","locations":[{"start":{"line":58,"column":4},"end":{"line":58,"column":69}},{"start":{"line":58,"column":4},"end":{"line":58,"column":69}}],"line":58},"5":{"loc":{"start":{"line":68,"column":10},"end":{"line":68,"column":100}},"type":"if","locations":[{"start":{"line":68,"column":10},"end":{"line":68,"column":100}},{"start":{"line":68,"column":10},"end":{"line":68,"column":100}}],"line":68},"6":{"loc":{"start":{"line":76,"column":4},"end":{"line":76,"column":94}},"type":"if","locations":[{"start":{"line":76,"column":4},"end":{"line":76,"column":94}},{"start":{"line":76,"column":4},"end":{"line":76,"column":94}}],"line":76},"7":{"loc":{"start":{"line":83,"column":4},"end":{"line":83,"column":94}},"type":"if","locations":[{"start":{"line":83,"column":4},"end":{"line":83,"column":94}},{"start":{"line":83,"column":4},"end":{"line":83,"column":94}}],"line":83}},"s":{"0":2,"1":2,"2":2,"3":2,"4":2,"5":2,"6":2,"7":2,"8":2,"9":2,"10":0,"11":0,"12":2,"13":1,"14":1,"15":1,"16":1,"17":0,"18":0,"19":1,"20":2,"21":4,"22":4,"23":1,"24":3,"25":3,"26":1,"27":2,"28":2,"29":2,"30":2,"31":2,"32":2,"33":2,"34":0,"35":0,"36":0,"37":0,"38":0,"39":0,"40":0,"41":2,"42":0,"43":0,"44":0,"45":0,"46":2,"47":0,"48":0,"49":0,"50":0,"51":2},"f":{"0":0,"1":1,"2":4,"3":0,"4":0,"5":0},"b":{"0":[0,1],"1":[1,0],"2":[1,3],"3":[1,2],"4":[0,0],"5":[0,0],"6":[0,0],"7":[0,0]},"_coverageSchema":"43e27e138ebf9cfc5966b082cf9a028302ed4184","hash":"5a2fd9f38c23621fb5a16f98e6a1ef0697e19d70"}
,"/home/emmisteel/Documents/javascript30/jackClinic/routes/specializations.js": {"path":"/home/emmisteel/Documents/javascript30/jackClinic/routes/specializations.js","statementMap":{"0":{"start":{"line":2,"column":37},"end":{"line":2,"column":72}},"1":{"start":{"line":3,"column":24},"end":{"line":3,"column":54}},"2":{"start":{"line":4,"column":16},"end":{"line":4,"column":34}},"3":{"start":{"line":5,"column":15},"end":{"line":5,"column":31}},"4":{"start":{"line":6,"column":25},"end":{"line":6,"column":66}},"5":{"start":{"line":8,"column":0},"end":{"line":12,"column":2}},"6":{"start":{"line":9,"column":26},"end":{"line":9,"column":66}},"7":{"start":{"line":10,"column":2},"end":{"line":10,"column":28}},"8":{"start":{"line":14,"column":0},"end":{"line":23,"column":1}},"9":{"start":{"line":15,"column":20},"end":{"line":15,"column":38}},"10":{"start":{"line":16,"column":2},"end":{"line":16,"column":67}},"11":{"start":{"line":16,"column":13},"end":{"line":16,"column":67}},"12":{"start":{"line":18,"column":23},"end":{"line":18,"column":64}},"13":{"start":{"line":19,"column":2},"end":{"line":19,"column":47}},"14":{"start":{"line":21,"column":2},"end":{"line":21,"column":27}},"15":{"start":{"line":25,"column":0},"end":{"line":37,"column":2}},"16":{"start":{"line":26,"column":20},"end":{"line":26,"column":38}},"17":{"start":{"line":27,"column":2},"end":{"line":27,"column":67}},"18":{"start":{"line":27,"column":13},"end":{"line":27,"column":67}},"19":{"start":{"line":29,"column":25},"end":{"line":31,"column":4}},"20":{"start":{"line":33,"column":2},"end":{"line":33,"column":106}},"21":{"start":{"line":33,"column":23},"end":{"line":33,"column":106}},"22":{"start":{"line":35,"column":2},"end":{"line":35,"column":27}},"23":{"start":{"line":39,"column":0},"end":{"line":46,"column":2}},"24":{"start":{"line":40,"column":25},"end":{"line":40,"column":78}},"25":{"start":{"line":42,"column":2},"end":{"line":42,"column":106}},"26":{"start":{"line":42,"column":23},"end":{"line":42,"column":106}},"27":{"start":{"line":44,"column":2},"end":{"line":44,"column":27}},"28":{"start":{"line":48,"column":0},"end":{"line":55,"column":2}},"29":{"start":{"line":49,"column":25},"end":{"line":49,"column":69}},"30":{"start":{"line":51,"column":2},"end":{"line":51,"column":106}},"31":{"start":{"line":51,"column":23},"end":{"line":51,"column":106}},"32":{"start":{"line":53,"column":2},"end":{"line":53,"column":27}},"33":{"start":{"line":57,"column":0},"end":{"line":57,"column":24}}},"fnMap":{"0":{"name":"(anonymous_0)","decl":{"start":{"line":8,"column":32},"end":{"line":8,"column":33}},"loc":{"start":{"line":8,"column":52},"end":{"line":11,"column":3}},"line":8},"1":{"name":"(anonymous_1)","decl":{"start":{"line":14,"column":33},"end":{"line":14,"column":34}},"loc":{"start":{"line":14,"column":53},"end":{"line":22,"column":3}},"line":14},"2":{"name":"(anonymous_2)","decl":{"start":{"line":25,"column":35},"end":{"line":25,"column":36}},"loc":{"start":{"line":25,"column":55},"end":{"line":36,"column":3}},"line":25},"3":{"name":"(anonymous_3)","decl":{"start":{"line":39,"column":38},"end":{"line":39,"column":39}},"loc":{"start":{"line":39,"column":58},"end":{"line":45,"column":3}},"line":39},"4":{"name":"(anonymous_4)","decl":{"start":{"line":48,"column":53},"end":{"line":48,"column":54}},"loc":{"start":{"line":48,"column":73},"end":{"line":54,"column":3}},"line":48}},"branchMap":{"0":{"loc":{"start":{"line":16,"column":2},"end":{"line":16,"column":67}},"type":"if","locations":[{"start":{"line":16,"column":2},"end":{"line":16,"column":67}},{"start":{"line":16,"column":2},"end":{"line":16,"column":67}}],"line":16},"1":{"loc":{"start":{"line":27,"column":2},"end":{"line":27,"column":67}},"type":"if","locations":[{"start":{"line":27,"column":2},"end":{"line":27,"column":67}},{"start":{"line":27,"column":2},"end":{"line":27,"column":67}}],"line":27},"2":{"loc":{"start":{"line":33,"column":2},"end":{"line":33,"column":106}},"type":"if","locations":[{"start":{"line":33,"column":2},"end":{"line":33,"column":106}},{"start":{"line":33,"column":2},"end":{"line":33,"column":106}}],"line":33},"3":{"loc":{"start":{"line":42,"column":2},"end":{"line":42,"column":106}},"type":"if","locations":[{"start":{"line":42,"column":2},"end":{"line":42,"column":106}},{"start":{"line":42,"column":2},"end":{"line":42,"column":106}}],"line":42},"4":{"loc":{"start":{"line":51,"column":2},"end":{"line":51,"column":106}},"type":"if","locations":[{"start":{"line":51,"column":2},"end":{"line":51,"column":106}},{"start":{"line":51,"column":2},"end":{"line":51,"column":106}}],"line":51}},"s":{"0":2,"1":2,"2":2,"3":2,"4":2,"5":2,"6":0,"7":0,"8":2,"9":0,"10":0,"11":0,"12":0,"13":0,"14":0,"15":2,"16":0,"17":0,"18":0,"19":0,"20":0,"21":0,"22":0,"23":2,"24":0,"25":0,"26":0,"27":0,"28":2,"29":1,"30":1,"31":0,"32":1,"33":2},"f":{"0":0,"1":0,"2":0,"3":0,"4":1},"b":{"0":[0,0],"1":[0,0],"2":[0,0],"3":[0,0],"4":[0,1]},"_coverageSchema":"43e27e138ebf9cfc5966b082cf9a028302ed4184","hash":"1611a52ebd694bb074d817e786608fa167b33d3c"}
}
