TN:
SF:/home/emmisteel/Documents/javascript30/jackClinic/index.js
FN:13,(anonymous_0)
FNF:1
FNH:1
FNDA:2,(anonymous_0)
DA:2,2
DA:3,2
DA:4,2
DA:6,2
DA:7,2
DA:8,2
DA:9,2
DA:10,2
DA:12,2
DA:13,2
DA:14,2
LF:11
LH:11
BRDA:12,0,0,2
BRDA:12,0,1,2
BRF:2
BRH:2
end_of_record
TN:
SF:/home/emmisteel/Documents/javascript30/jackClinic/initialize/config.js
FN:4,(anonymous_0)
FNF:1
FNH:1
FNDA:2,(anonymous_0)
DA:2,2
DA:4,2
DA:5,2
DA:6,0
LF:4
LH:3
BRDA:5,0,0,0
BRDA:5,0,1,2
BRF:2
BRH:1
end_of_record
TN:
SF:/home/emmisteel/Documents/javascript30/jackClinic/initialize/db.js
FN:6,(anonymous_0)
FNF:1
FNH:1
FNDA:2,(anonymous_0)
DA:2,2
DA:3,2
DA:4,2
DA:6,2
DA:7,2
DA:8,2
DA:9,2
DA:10,2
LF:8
LH:8
BRF:0
BRH:0
end_of_record
TN:
SF:/home/emmisteel/Documents/javascript30/jackClinic/initialize/logging.js
FN:5,(anonymous_0)
FN:11,(anonymous_1)
FNF:2
FNH:1
FNDA:2,(anonymous_0)
FNDA:0,(anonymous_1)
DA:2,2
DA:5,2
DA:6,2
DA:11,2
DA:12,0
DA:15,2
LF:6
LH:5
BRF:0
BRH:0
end_of_record
TN:
SF:/home/emmisteel/Documents/javascript30/jackClinic/initialize/routes.js
FN:12,(anonymous_0)
FNF:1
FNH:1
FNDA:2,(anonymous_0)
DA:2,2
DA:3,2
DA:4,2
DA:5,2
DA:6,2
DA:7,2
DA:8,2
DA:9,2
DA:10,2
DA:12,2
DA:13,2
DA:14,2
DA:15,2
DA:16,2
DA:17,2
DA:18,2
DA:19,2
DA:20,2
DA:21,2
LF:19
LH:19
BRF:0
BRH:0
end_of_record
TN:
SF:/home/emmisteel/Documents/javascript30/jackClinic/initialize/validation.js
FN:4,(anonymous_0)
FNF:1
FNH:1
FNDA:2,(anonymous_0)
DA:2,2
DA:4,2
DA:5,2
LF:3
LH:3
BRF:0
BRH:0
end_of_record
TN:
SF:/home/emmisteel/Documents/javascript30/jackClinic/middleware/admin.js
FN:1,(anonymous_0)
FNF:1
FNH:0
FNDA:0,(anonymous_0)
DA:1,2
DA:3,0
DA:4,0
LF:3
LH:1
BRDA:3,0,0,0
BRDA:3,0,1,0
BRF:2
BRH:0
end_of_record
TN:
SF:/home/emmisteel/Documents/javascript30/jackClinic/middleware/async.js
FN:2,asyncMiddleware
FN:3,(anonymous_1)
FNF:2
FNH:2
FNDA:44,asyncMiddleware
FNDA:6,(anonymous_1)
DA:2,2
DA:3,44
DA:4,6
DA:5,6
DA:7,0
LF:5
LH:4
BRF:0
BRH:0
end_of_record
TN:
SF:/home/emmisteel/Documents/javascript30/jackClinic/middleware/authMiddleware.js
FN:5,(anonymous_0)
FNF:1
FNH:1
FNDA:2,(anonymous_0)
DA:2,2
DA:3,2
DA:5,2
DA:6,2
DA:7,2
DA:9,1
DA:10,1
DA:11,1
DA:12,1
DA:14,0
LF:10
LH:9
BRDA:7,0,0,1
BRDA:7,0,1,1
BRF:2
BRH:2
end_of_record
TN:
SF:/home/emmisteel/Documents/javascript30/jackClinic/middleware/error.js
FN:4,(anonymous_0)
FNF:1
FNH:0
FNDA:0,(anonymous_0)
DA:2,2
DA:4,2
DA:5,0
DA:6,0
LF:4
LH:2
BRF:0
BRH:0
end_of_record
TN:
SF:/home/emmisteel/Documents/javascript30/jackClinic/middleware/isActive.js
FN:1,(anonymous_0)
FNF:1
FNH:1
FNDA:1,(anonymous_0)
DA:1,2
DA:3,1
DA:4,1
LF:3
LH:3
BRDA:3,0,0,0
BRDA:3,0,1,1
BRF:2
BRH:1
end_of_record
TN:
SF:/home/emmisteel/Documents/javascript30/jackClinic/middleware/validateObjectId.js
FN:4,(anonymous_0)
FNF:1
FNH:1
FNDA:2,(anonymous_0)
DA:2,2
DA:4,2
DA:5,2
DA:6,1
DA:7,1
LF:5
LH:5
BRDA:5,0,0,1
BRDA:5,0,1,1
BRF:2
BRH:2
end_of_record
TN:
SF:/home/emmisteel/Documents/javascript30/jackClinic/models/doctor.js
FN:100,(anonymous_0)
FN:106,validateDoctor
FNF:2
FNH:1
FNDA:4,(anonymous_0)
FNDA:0,validateDoctor
DA:2,3
DA:3,3
DA:4,3
DA:5,3
DA:6,3
DA:8,3
DA:100,3
DA:101,4
DA:104,3
DA:107,0
DA:121,0
DA:124,3
DA:125,3
LF:13
LH:11
BRF:0
BRH:0
end_of_record
TN:
SF:/home/emmisteel/Documents/javascript30/jackClinic/models/healthService.js
FN:97,validateHealthService
FNF:1
FNH:0
FNDA:0,validateHealthService
DA:2,2
DA:3,2
DA:5,2
DA:98,0
DA:103,0
DA:106,2
DA:107,2
LF:7
LH:5
BRF:0
BRH:0
end_of_record
TN:
SF:/home/emmisteel/Documents/javascript30/jackClinic/models/patient.js
FN:43,(anonymous_0)
FN:50,validatePatient
FNF:2
FNH:2
FNDA:2,(anonymous_0)
FNDA:4,validatePatient
DA:2,2
DA:3,2
DA:4,2
DA:5,2
DA:7,2
DA:43,2
DA:44,2
DA:47,2
DA:51,4
DA:58,4
DA:61,2
DA:62,2
LF:12
LH:12
BRF:0
BRH:0
end_of_record
TN:
SF:/home/emmisteel/Documents/javascript30/jackClinic/models/specialization.js
FN:16,validateSpecialization
FNF:1
FNH:0
FNDA:0,validateSpecialization
DA:2,3
DA:3,3
DA:5,3
DA:14,3
DA:17,0
DA:20,0
DA:23,3
DA:24,3
DA:25,3
LF:9
LH:7
BRF:0
BRH:0
end_of_record
TN:
SF:/home/emmisteel/Documents/javascript30/jackClinic/routes/auth.js
FN:11,(anonymous_0)
FN:38,validate
FNF:2
FNH:0
FNDA:0,(anonymous_0)
FNDA:0,validate
DA:2,2
DA:3,2
DA:4,2
DA:5,2
DA:6,2
DA:7,2
DA:8,2
DA:9,2
DA:11,2
DA:12,0
DA:13,0
DA:15,0
DA:16,0
DA:21,0
DA:22,0
DA:23,0
DA:24,0
DA:25,0
DA:26,0
DA:27,0
DA:28,0
DA:29,0
DA:30,0
DA:32,0
DA:39,0
DA:43,0
DA:46,2
LF:27
LH:10
BRDA:13,0,0,0
BRDA:13,0,1,0
BRDA:21,1,0,0
BRDA:21,1,1,0
BRDA:23,2,0,0
BRDA:23,2,1,0
BRDA:26,3,0,0
BRDA:26,3,1,0
BRDA:28,4,0,0
BRDA:28,4,1,0
BRF:10
BRH:0
end_of_record
TN:
SF:/home/emmisteel/Documents/javascript30/jackClinic/routes/doctors.js
FN:14,(anonymous_0)
FN:20,(anonymous_1)
FN:26,(anonymous_2)
FN:65,(anonymous_3)
FN:86,(anonymous_4)
FN:93,(anonymous_5)
FNF:6
FNH:0
FNDA:0,(anonymous_0)
FNDA:0,(anonymous_1)
FNDA:0,(anonymous_2)
FNDA:0,(anonymous_3)
FNDA:0,(anonymous_4)
FNDA:0,(anonymous_5)
DA:2,2
DA:3,2
DA:4,2
DA:5,2
DA:6,2
DA:7,2
DA:8,2
DA:9,2
DA:10,2
DA:11,2
DA:12,2
DA:14,2
DA:15,0
DA:16,0
DA:20,2
DA:21,0
DA:22,0
DA:26,2
DA:27,0
DA:28,0
DA:31,0
DA:32,0
DA:34,0
DA:35,0
DA:37,0
DA:55,0
DA:56,0
DA:57,0
DA:59,0
DA:65,2
DA:66,0
DA:67,0
DA:69,0
DA:81,0
DA:82,0
DA:86,2
DA:87,0
DA:88,0
DA:89,0
DA:93,2
DA:94,0
DA:95,0
DA:96,0
DA:100,2
LF:44
LH:18
BRDA:28,0,0,0
BRDA:28,0,1,0
BRDA:32,1,0,0
BRDA:32,1,1,0
BRDA:35,2,0,0
BRDA:35,2,1,0
BRDA:67,3,0,0
BRDA:67,3,1,0
BRDA:81,4,0,0
BRDA:81,4,1,0
BRDA:88,5,0,0
BRDA:88,5,1,0
BRDA:95,6,0,0
BRDA:95,6,1,0
BRF:14
BRH:0
end_of_record
TN:
SF:/home/emmisteel/Documents/javascript30/jackClinic/routes/healthServices.js
FN:13,(anonymous_0)
FN:19,(anonymous_1)
FN:62,(anonymous_2)
FNF:3
FNH:0
FNDA:0,(anonymous_0)
FNDA:0,(anonymous_1)
FNDA:0,(anonymous_2)
DA:2,2
DA:3,2
DA:4,2
DA:5,2
DA:6,2
DA:7,2
DA:8,2
DA:9,2
DA:11,2
DA:13,2
DA:14,0
DA:15,0
DA:19,2
DA:20,0
DA:21,0
DA:23,0
DA:24,0
DA:26,0
DA:27,0
DA:29,0
DA:31,0
DA:52,0
DA:58,0
DA:62,2
DA:63,0
DA:64,0
DA:65,0
DA:69,2
LF:28
LH:13
BRDA:21,0,0,0
BRDA:21,0,1,0
BRDA:24,1,0,0
BRDA:24,1,1,0
BRDA:27,2,0,0
BRDA:27,2,1,0
BRDA:29,3,0,0
BRDA:29,3,1,0
BRDA:64,4,0,0
BRDA:64,4,1,0
BRF:10
BRH:0
end_of_record
TN:
SF:/home/emmisteel/Documents/javascript30/jackClinic/routes/login.js
FN:10,(anonymous_0)
FN:26,validate
FNF:2
FNH:0
FNDA:0,(anonymous_0)
FNDA:0,validate
DA:2,2
DA:3,2
DA:4,2
DA:5,2
DA:6,2
DA:7,2
DA:8,2
DA:10,2
DA:11,0
DA:12,0
DA:14,0
DA:15,0
DA:17,0
DA:18,0
DA:20,0
DA:22,0
DA:27,0
DA:31,0
DA:34,2
LF:19
LH:9
BRDA:12,0,0,0
BRDA:12,0,1,0
BRDA:15,1,0,0
BRDA:15,1,1,0
BRDA:18,2,0,0
BRDA:18,2,1,0
BRF:6
BRH:0
end_of_record
TN:
SF:/home/emmisteel/Documents/javascript30/jackClinic/routes/patients.js
FN:12,(anonymous_0)
FN:18,(anonymous_1)
FN:32,(anonymous_2)
FN:56,(anonymous_3)
FN:74,(anonymous_4)
FN:81,(anonymous_5)
FNF:6
FNH:2
FNDA:0,(anonymous_0)
FNDA:1,(anonymous_1)
FNDA:4,(anonymous_2)
FNDA:0,(anonymous_3)
FNDA:0,(anonymous_4)
FNDA:0,(anonymous_5)
DA:2,2
DA:3,2
DA:4,2
DA:5,2
DA:6,2
DA:7,2
DA:8,2
DA:9,2
DA:10,2
DA:12,2
DA:13,0
DA:14,0
DA:18,2
DA:19,1
DA:20,1
DA:21,1
DA:22,1
DA:23,0
DA:25,0
DA:27,1
DA:32,2
DA:33,4
DA:34,4
DA:36,3
DA:37,3
DA:39,2
DA:47,2
DA:48,2
DA:49,2
DA:50,2
DA:51,2
DA:56,2
DA:57,0
DA:58,0
DA:60,0
DA:68,0
DA:70,0
DA:74,2
DA:75,0
DA:76,0
DA:77,0
DA:81,2
DA:82,0
DA:83,0
DA:84,0
DA:88,2
LF:46
LH:31
BRDA:22,0,0,0
BRDA:22,0,1,1
BRDA:22,1,0,1
BRDA:22,1,1,0
BRDA:34,2,0,1
BRDA:34,2,1,3
BRDA:37,3,0,1
BRDA:37,3,1,2
BRDA:58,4,0,0
BRDA:58,4,1,0
BRDA:68,5,0,0
BRDA:68,5,1,0
BRDA:76,6,0,0
BRDA:76,6,1,0
BRDA:83,7,0,0
BRDA:83,7,1,0
BRF:16
BRH:6
end_of_record
TN:
SF:/home/emmisteel/Documents/javascript30/jackClinic/routes/specializations.js
FN:8,(anonymous_0)
FN:14,(anonymous_1)
FN:25,(anonymous_2)
FN:39,(anonymous_3)
FN:48,(anonymous_4)
FNF:5
FNH:1
FNDA:0,(anonymous_0)
FNDA:0,(anonymous_1)
FNDA:0,(anonymous_2)
FNDA:0,(anonymous_3)
FNDA:1,(anonymous_4)
DA:2,2
DA:3,2
DA:4,2
DA:5,2
DA:6,2
DA:8,2
DA:9,0
DA:10,0
DA:14,2
DA:15,0
DA:16,0
DA:18,0
DA:19,0
DA:21,0
DA:25,2
DA:26,0
DA:27,0
DA:29,0
DA:33,0
DA:35,0
DA:39,2
DA:40,0
DA:42,0
DA:44,0
DA:48,2
DA:49,1
DA:51,1
DA:53,1
DA:57,2
LF:29
LH:14
BRDA:16,0,0,0
BRDA:16,0,1,0
BRDA:27,1,0,0
BRDA:27,1,1,0
BRDA:33,2,0,0
BRDA:33,2,1,0
BRDA:42,3,0,0
BRDA:42,3,1,0
BRDA:51,4,0,0
BRDA:51,4,1,1
BRF:10
BRH:1
end_of_record
